The system is: Windows - 10.0.18362 - AMD64
Compiling the C compiler identification source file "CMakeCCompilerId.c" succeeded.
Compiler: C:/Program Files (x86)/Microsoft Visual Studio/2017/Community/VC/Tools/MSVC/14.15.26726/bin/Hostx86/x86/cl.exe 
Build flags: 
Id flags:  

The output was:
0
Microsoft (R) C/C++ Optimizing Compiler Version 19.15.26729 for x86
Copyright (C) Microsoft Corporation.  All rights reserved.

CMakeCCompilerId.c
Microsoft (R) Incremental Linker Version 14.15.26729.0
Copyright (C) Microsoft Corporation.  All rights reserved.

/out:CMakeCCompilerId.exe 
CMakeCCompilerId.obj 


Compilation of the C compiler identification source "CMakeCCompilerId.c" produced "CMakeCCompilerId.exe"

Compilation of the C compiler identification source "CMakeCCompilerId.c" produced "CMakeCCompilerId.obj"

The C compiler identification is MSVC, found in "D:/DSA_Lab/2.2/cmake-build-debug/CMakeFiles/3.15.3/CompilerIdC/CMakeCCompilerId.exe"

Determining if the C compiler works passed with the following output:
Change Dir: D:/DSA_Lab/2.2/cmake-build-debug/CMakeFiles/CMakeTmp

Run Build Command(s):nmake /nologo cmTC_0d3df\fast && 	"C:\Program Files (x86)\Microsoft Visual Studio\2017\Community\VC\Tools\MSVC\14.15.26726\bin\HostX86\x86\nmake.exe" -f CMakeFiles\cmTC_0d3df.dir\build.make /nologo -L                  CMakeFiles\cmTC_0d3df.dir\build
Building C object CMakeFiles/cmTC_0d3df.dir/testCCompiler.c.obj
	C:\PROGRA~2\MICROS~1\2017\COMMUN~1\VC\Tools\MSVC\1415~1.267\bin\Hostx86\x86\cl.exe @C:\Users\ileana\AppData\Local\Temp\nm4FDA.tmp
testCCompiler.c
Linking C executable cmTC_0d3df.exe
	"C:\Program Files\JetBrains\CLion 2019.2.4\bin\cmake\win\bin\cmake.exe" -E vs_link_exe --intdir=CMakeFiles\cmTC_0d3df.dir --rc=C:\PROGRA~2\WI3CF2~1\10\bin\100171~1.0\x86\rc.exe --mt=C:\PROGRA~2\WI3CF2~1\10\bin\100171~1.0\x86\mt.exe --manifests  -- C:\PROGRA~2\MICROS~1\2017\COMMUN~1\VC\Tools\MSVC\1415~1.267\bin\Hostx86\x86\link.exe /nologo @CMakeFiles\cmTC_0d3df.dir\objects1.rsp @C:\Users\ileana\AppData\Local\Temp\nm5019.tmp



Detecting C compiler ABI info compiled with the following output:
Change Dir: D:/DSA_Lab/2.2/cmake-build-debug/CMakeFiles/CMakeTmp

Run Build Command(s):nmake /nologo cmTC_c9cb1\fast && 	"C:\Program Files (x86)\Microsoft Visual Studio\2017\Community\VC\Tools\MSVC\14.15.26726\bin\HostX86\x86\nmake.exe" -f CMakeFiles\cmTC_c9cb1.dir\build.make /nologo -L                  CMakeFiles\cmTC_c9cb1.dir\build
Building C object CMakeFiles/cmTC_c9cb1.dir/CMakeCCompilerABI.c.obj
	C:\PROGRA~2\MICROS~1\2017\COMMUN~1\VC\Tools\MSVC\1415~1.267\bin\Hostx86\x86\cl.exe @C:\Users\ileana\AppData\Local\Temp\nm542F.tmp
CMakeCCompilerABI.c
Linking C executable cmTC_c9cb1.exe
	"C:\Program Files\JetBrains\CLion 2019.2.4\bin\cmake\win\bin\cmake.exe" -E vs_link_exe --intdir=CMakeFiles\cmTC_c9cb1.dir --rc=C:\PROGRA~2\WI3CF2~1\10\bin\100171~1.0\x86\rc.exe --mt=C:\PROGRA~2\WI3CF2~1\10\bin\100171~1.0\x86\mt.exe --manifests  -- C:\PROGRA~2\MICROS~1\2017\COMMUN~1\VC\Tools\MSVC\1415~1.267\bin\Hostx86\x86\link.exe /nologo @CMakeFiles\cmTC_c9cb1.dir\objects1.rsp @C:\Users\ileana\AppData\Local\Temp\nm547E.tmp



